<?xml version="1.0" encoding="UTF-8"?>
<!-- Generated by org.testng.reporters.JUnitReportReporter -->
<testsuite hostname="Device117" failures="0" tests="1" name="Testpkg.RegTestpage" time="5.964" errors="0" timestamp="2024-11-05T12:23:02 IST" skipped="0">
  <testcase classname="Testpkg.RegTestpage" name="Registrationtest" time="5.964"/>
  <system-out/>
</testsuite> <!-- Testpkg.RegTestpage -->
