<?xml version="1.0" encoding="UTF-8"?>
<!-- Generated by org.testng.reporters.JUnitReportReporter -->
<testsuite hostname="Device117" failures="0" tests="7" name="Testpkg.TutorialdemoTest" time="37.455" errors="0" timestamp="2024-11-06T22:08:23 IST" skipped="0">
  <testcase classname="Testpkg.TutorialdemoTest" name="Screenshot" time="0.659"/>
  <system-out/>
  <testcase classname="Testpkg.TutorialdemoTest" name="logintest" time="4.845"/>
  <system-out/>
  <testcase classname="Testpkg.TutorialdemoTest" name="title" time="0.028"/>
  <system-out/>
  <testcase classname="Testpkg.TutorialdemoTest" name="homepagetest" time="22.484"/>
  <system-out/>
  <testcase classname="Testpkg.TutorialdemoTest" name="ProductpageTest" time="5.883"/>
  <system-out/>
  <testcase classname="Testpkg.TutorialdemoTest" name="Fileupload" time="3.396"/>
  <system-out/>
  <testcase classname="Testpkg.TutorialdemoTest" name="addtocart" time="0.160"/>
  <system-out/>
</testsuite> <!-- Testpkg.TutorialdemoTest -->
