<?xml version="1.0" encoding="UTF-8"?>
<!-- Generated by org.testng.reporters.JUnitReportReporter -->
<testsuite hostname="Device117" failures="0" tests="1" name="Testpkg.TutorialTestpage" time="9.261" errors="0" timestamp="2024-11-05T15:25:58 IST" skipped="0">
  <testcase classname="Testpkg.TutorialTestpage" name="logintest" time="9.261"/>
  <system-out/>
</testsuite> <!-- Testpkg.TutorialTestpage -->
