<?xml version="1.0" encoding="UTF-8"?>
<!-- Generated by org.testng.reporters.JUnitReportReporter -->
<testsuite hostname="Device117" failures="0" tests="1" name="Testpkg.LoginTest" time="9.000" errors="0" timestamp="2024-11-05T15:44:09 IST" skipped="0">
  <testcase classname="Testpkg.LoginTest" name="logintest" time="9.000"/>
  <system-out/>
</testsuite> <!-- Testpkg.LoginTest -->
